Product with name {Banana} and producer {Armani} was added !
Product with name {Doterra} and producer {Doterra} was added !
Product with name {Doterra} and producer {Doterra} was added !
Product with name {Doterra} and producer {Doterra} was added !
Product with name {Test} and producer {Test} was added !
Product with name {Motion} and producer {Queen} was added !
Product with name {Motion} and producer {Queen} was added !
Product with name {Motion} and producer {Queen} was added !
Product with name {Motion} and producer {Queen} was added !
Product with name {Motion} and producer {Queen} was added !
Product with name {Motion} and producer {Queen} was added !
Product with name {Motion} and producer {Queen} was added !
Product with name {Tea} and producer {Keba} was added !
Product with name {MySql} and producer {44444} was added !
Product with name {Good girl} and producer {AVON} was added !
Product with name {Doterra} and producer {Doterra} was added !
Product with name {Wild country} and producer {AVON} was added !
Product with name {Good girl} and producer {AVON} was added !
Product with name {Good girl} and producer {AVON} was added !
Product with name {Good girl} and producer {AVON} was added !
Product with name {Motion} and producer {AVON} was added !
Product with name {Tea} and producer {Qwe} was added !
Product with name {Good girl} and producer {AVON} was added !
Product with name {Good girl} and producer {AVON} was added !
Product with name {Motion} and producer {AVON} was added !
Product with name {Good girl} and producer {44444} was added !
Product with name {Good girl} and producer {AVON} was added !
Product with name {Good girl} and producer {AVON} was added !
Product with name {Good girl} and producer {AVON} was added !
Product with name {Bergamot} and producer {Doterra} was added !
