Username: {valo} added comment with rating {5} and message {Mnogo qk produck} !
Username: {valo} added comment with rating {5} and message {Mnogo qk produck} !
Username: {valo} added comment with rating {5} and message {Mnogo qk produck} !
Username: {valo} added comment with rating {5} and message {Mnogo qk produck} !
Username: {valo135} added comment with rating {5} and message {Mnogo qk produck} !
Username: {qweq} added comment with rating {5} and message {Mnogo hubav parfum} !
Username: {kalina} added comment with rating {5} and message {Mnogo hubav parfum} !
Username: {kalina} added comment with rating {5} and message {Mnogo qk produck} !
Username: {kalina} added comment with rating {5} and message {Mnogo qk produck} !
Username: {valo} added comment with rating {5} and message {Mnogo qk produck} !
Username: {valo} added comment with rating {5} and message {Mnogo qk produck} !
Username: {valo} added comment with rating {5} and message {Mnogo qk produck} !
Username: {valo} added comment with rating {5} and message {Mnogo qk produck} !
Username: {valo} added comment with rating {5} and message {Mnogo qk produck} !
Username: {valo} added comment with rating {5} and message {Mnogo qk produck} !
Username: {milen} added comment with rating {5} and message {Mnogo qk produck} !
Username: {valo} added comment with rating {5} and message {Mnogo qk produck} !
Username: {valo} added comment with rating {5} and message {Mnogo qk produck} !
Username: {valo} added comment with rating {5} and message {Mnogo qk produck} !
Username: {valo} added comment with rating {5} and message {Mnogo qk produck} !
Username: {valo} added comment with rating {5} and message {Mnogo qk produck} !
Username: {valo} added comment with rating {5} and message {Mnogo qk produck} !
Username: {petur} added comment with rating {5} and message {Mnogo qk produkt} !
